<?xml version="1.0" encoding="UTF-8"?>
<!-- Generated by org.testng.reporters.JUnitReportReporter -->
<testsuite skipped="0" hostname="gustavo-desktop" name="testCases.MobileChromeFotogalleries" tests="2" failures="0" timestamp="07 set 2017 19:09:23 GMT" time="10.289" errors="0">
  <testcase name="checkFotogalleriesTitle" time="7.605" classname="testCases.MobileChromeFotogalleries"/>
  <testcase name="recommendedAreaValidate" time="2.684" classname="testCases.MobileChromeFotogalleries"/>
</testsuite> <!-- testCases.MobileChromeFotogalleries -->
