<?xml version="1.0" encoding="UTF-8"?>
<!-- Generated by org.testng.reporters.JUnitReportReporter -->
<testsuite skipped="0" hostname="gustavo-desktop" name="testCases.MobileChromeFotogalleries" tests="7" failures="0" timestamp="07 set 2017 20:04:32 GMT" time="29.737" errors="0">
  <testcase name="recommendedAreaValidate" time="2.199" classname="testCases.MobileChromeFotogalleries"/>
  <testcase name="checkEditorialsContentQty" time="2.243" classname="testCases.MobileChromeFotogalleries"/>
  <testcase name="checkEdtirialsContentQtyAllOptions" time="11.400" classname="testCases.MobileChromeFotogalleries"/>
  <testcase name="mostViewedAreaValidate" time="1.859" classname="testCases.MobileChromeFotogalleries"/>
  <testcase name="checkDefaultOptionEditorials" time="2.453" classname="testCases.MobileChromeFotogalleries"/>
  <testcase name="checkFotogalleriesTitle" time="3.473" classname="testCases.MobileChromeFotogalleries"/>
  <testcase name="checkDefaultEditorialsContentQty" time="6.110" classname="testCases.MobileChromeFotogalleries"/>
</testsuite> <!-- testCases.MobileChromeFotogalleries -->
