<?xml version="1.0" encoding="UTF-8"?>
<!-- Generated by org.testng.reporters.JUnitReportReporter -->
<testsuite skipped="0" hostname="gustavo-desktop" name="testCases.MobileChromeFotogalleries" tests="7" failures="0" timestamp="07 set 2017 20:52:27 GMT" time="40.263" errors="0">
  <testcase name="mostViewedAreaValidate" time="1.833" classname="testCases.MobileChromeFotogalleries"/>
  <testcase name="checkEditorialsContentQtyAllPossibleOptions" time="12.056" classname="testCases.MobileChromeFotogalleries"/>
  <testcase name="checkFotogalleriesTitle" time="2.430" classname="testCases.MobileChromeFotogalleries"/>
  <testcase name="checkRandomEditorialsContentQty" time="2.276" classname="testCases.MobileChromeFotogalleries"/>
  <testcase name="checkDefaultOptionEditorials" time="4.757" classname="testCases.MobileChromeFotogalleries"/>
  <testcase name="recommendedAreaValidate" time="1.889" classname="testCases.MobileChromeFotogalleries"/>
  <testcase name="checkDefaultEditorialsContentQty" time="15.022" classname="testCases.MobileChromeFotogalleries"/>
</testsuite> <!-- testCases.MobileChromeFotogalleries -->
