<?xml version="1.0" encoding="UTF-8"?>
<!-- Generated by org.testng.reporters.JUnitReportReporter -->
<testsuite skipped="0" hostname="gustavo-desktop" name="Testcases.TestTest" tests="2" failures="0" timestamp="07 set 2017 18:32:24 GMT" time="12.138" errors="0">
  <testcase name="simpleTest" time="3.527" classname="Testcases.TestTest"/>
  <testcase name="firefoxTest" time="8.611" classname="Testcases.TestTest"/>
</testsuite> <!-- Testcases.TestTest -->
