<?xml version="1.0" encoding="UTF-8"?>
<!-- Generated by org.testng.reporters.JUnitReportReporter -->
<testsuite skipped="0" hostname="gustavo-desktop" name="Testcases.MobileChromeFotogalleries" tests="1" failures="0" timestamp="07 set 2017 18:34:51 GMT" time="13.487" errors="0">
  <testcase name="fotogalleriesRecommends" time="13.487" classname="Testcases.MobileChromeFotogalleries"/>
</testsuite> <!-- Testcases.MobileChromeFotogalleries -->
