<?xml version="1.0" encoding="UTF-8"?>
<!-- Generated by org.testng.reporters.JUnitReportReporter -->
<testsuite skipped="6" hostname="gustavo-desktop" name="testCases.MobileChromeFotogalleries" tests="7" failures="0" timestamp="07 set 2017 20:25:50 GMT" time="6.436" errors="0">
  <testcase name="checkRandomEditorialsContentQty" time="6.436" classname="testCases.MobileChromeFotogalleries"/>
  <testcase name="mostViewedAreaValidate" classname="testCases.MobileChromeFotogalleries">
    <skipped/>
  </testcase> <!-- mostViewedAreaValidate -->
  <testcase name="checkDefaultEditorialsContentQty" classname="testCases.MobileChromeFotogalleries">
    <skipped/>
  </testcase> <!-- checkDefaultEditorialsContentQty -->
  <testcase name="checkDefaultOptionEditorials" classname="testCases.MobileChromeFotogalleries">
    <skipped/>
  </testcase> <!-- checkDefaultOptionEditorials -->
  <testcase name="checkEditorialsContentQtyAllSelectedOptions" classname="testCases.MobileChromeFotogalleries">
    <skipped/>
  </testcase> <!-- checkEditorialsContentQtyAllSelectedOptions -->
  <testcase name="checkFotogalleriesTitle" classname="testCases.MobileChromeFotogalleries">
    <skipped/>
  </testcase> <!-- checkFotogalleriesTitle -->
  <testcase name="recommendedAreaValidate" classname="testCases.MobileChromeFotogalleries">
    <skipped/>
  </testcase> <!-- recommendedAreaValidate -->
</testsuite> <!-- testCases.MobileChromeFotogalleries -->
