<?xml version="1.0" encoding="UTF-8"?>
<!-- Generated by org.testng.reporters.JUnitReportReporter -->
<testsuite skipped="0" hostname="gustavo-desktop" name="testCases.MobileChromeFotogalleries" tests="1" failures="0" timestamp="07 set 2017 18:54:15 GMT" time="4.534" errors="0">
  <testcase name="checkFottogalleriesTitle" time="4.534" classname="testCases.MobileChromeFotogalleries"/>
</testsuite> <!-- testCases.MobileChromeFotogalleries -->
