<?xml version="1.0" encoding="UTF-8"?>
<!-- Generated by org.testng.reporters.JUnitReportReporter -->
<testsuite skipped="0" hostname="gustavo-desktop" name="testCases.MobileChromeFotogalleries" tests="7" failures="0" timestamp="07 set 2017 20:29:44 GMT" time="46.076" errors="0">
  <testcase name="mostViewedAreaValidate" time="4.515" classname="testCases.MobileChromeFotogalleries"/>
  <testcase name="checkEditorialsContentQtyAllSelectedOptions" time="17.441" classname="testCases.MobileChromeFotogalleries"/>
  <testcase name="checkFotogalleriesTitle" time="4.758" classname="testCases.MobileChromeFotogalleries"/>
  <testcase name="checkRandomEditorialsContentQty" time="5.375" classname="testCases.MobileChromeFotogalleries"/>
  <testcase name="checkDefaultOptionEditorials" time="2.265" classname="testCases.MobileChromeFotogalleries"/>
  <testcase name="recommendedAreaValidate" time="5.268" classname="testCases.MobileChromeFotogalleries"/>
  <testcase name="checkDefaultEditorialsContentQty" time="6.454" classname="testCases.MobileChromeFotogalleries"/>
</testsuite> <!-- testCases.MobileChromeFotogalleries -->
