<?xml version="1.0" encoding="UTF-8"?>
<!-- Generated by org.testng.reporters.JUnitReportReporter -->
<testsuite skipped="0" hostname="gustavo-desktop" name="testCases.MobileChromeFotogalleries" tests="4" failures="0" timestamp="07 set 2017 19:37:18 GMT" time="13.445" errors="0">
  <testcase name="mostViewedAreaValidate" time="3.271" classname="testCases.MobileChromeFotogalleries"/>
  <testcase name="recommendedAreaValidate" time="3.627" classname="testCases.MobileChromeFotogalleries"/>
  <testcase name="checkDefaultOptionEditorials" time="3.715" classname="testCases.MobileChromeFotogalleries"/>
  <testcase name="checkFotogalleriesTitle" time="2.832" classname="testCases.MobileChromeFotogalleries"/>
</testsuite> <!-- testCases.MobileChromeFotogalleries -->
