<?xml version="1.0" encoding="UTF-8"?>
<!-- Generated by org.testng.reporters.JUnitReportReporter -->
<testsuite skipped="3" hostname="gustavo-desktop" name="testCases.MobileChromeFotogalleries" tests="4" failures="0" timestamp="07 set 2017 19:35:12 GMT" time="10.967" errors="0">
  <testcase name="checkDefaultOptionEditorials" time="10.967" classname="testCases.MobileChromeFotogalleries"/>
  <testcase name="mostViewedAreaValidate" classname="testCases.MobileChromeFotogalleries">
    <skipped/>
  </testcase> <!-- mostViewedAreaValidate -->
  <testcase name="checkFotogalleriesTitle" classname="testCases.MobileChromeFotogalleries">
    <skipped/>
  </testcase> <!-- checkFotogalleriesTitle -->
  <testcase name="recommendedAreaValidate" classname="testCases.MobileChromeFotogalleries">
    <skipped/>
  </testcase> <!-- recommendedAreaValidate -->
</testsuite> <!-- testCases.MobileChromeFotogalleries -->
